<?xml version="1.0" encoding="UTF-8"?>
<testsuite name="com.kodilla.patterns.prototype.library.LibraryTestSuite" tests="1" skipped="0" failures="0" errors="0" timestamp="2018-03-16T14:31:26" hostname="LAPTOP-LTU152OD" time="0.016">
  <properties/>
  <testcase name="testGetBooks" classname="com.kodilla.patterns.prototype.library.LibraryTestSuite" time="0.016"/>
  <system-out><![CDATA[com.kodilla.patterns.prototype.library.Library@2306f98
com.kodilla.patterns.prototype.library.Library@1f26f3d8
com.kodilla.patterns.prototype.library.Library@428bfb94
]]></system-out>
  <system-err><![CDATA[]]></system-err>
</testsuite>
