<?xml version="1.0" encoding="UTF-8"?>
<testsuite name="com.kodilla.patterns.builder.bigmac.BigmacTestSuite" tests="1" skipped="0" failures="0" errors="0" timestamp="2018-03-16T14:31:25" hostname="LAPTOP-LTU152OD" time="0.047">
  <properties/>
  <testcase name="testBigmacNew" classname="com.kodilla.patterns.builder.bigmac.BigmacTestSuite" time="0.047"/>
  <system-out><![CDATA[Bigmac{roll='with sezame', burgers=2, sauce='barbecouse', ingredients=[onion, lettuce, mushrooms, cheese]}
]]></system-out>
  <system-err><![CDATA[]]></system-err>
</testsuite>
