<?xml version="1.0" encoding="UTF-8"?>
<testsuite name="com.kodilla.patterns.strategy.social.UserTestSuite" tests="2" skipped="0" failures="0" errors="0" timestamp="2018-03-16T14:31:26" hostname="LAPTOP-LTU152OD" time="0.0">
  <properties/>
  <testcase name="testDefaultSharingStrategies" classname="com.kodilla.patterns.strategy.social.UserTestSuite" time="0.0"/>
  <testcase name="testIndividualSharingStrategy" classname="com.kodilla.patterns.strategy.social.UserTestSuite" time="0.0"/>
  <system-out><![CDATA[Marek should: Use Facebook to public.
Dariusz should: Use Snapchat to public
Anna should: Use Facebook to public.
Dariusz should: Use Facebook to public.
]]></system-out>
  <system-err><![CDATA[]]></system-err>
</testsuite>
